[debug] [2023-02-16T16:11:11.120Z] ----------------------------------------------------------------------
[debug] [2023-02-16T16:11:11.123Z] Command:       C:\Program Files\nodejs\node.exe C:\Users\carid\AppData\Roaming\npm\node_modules\firebase-tools\lib\bin\firebase.js serve
[debug] [2023-02-16T16:11:11.124Z] CLI Version:   11.22.0
[debug] [2023-02-16T16:11:11.124Z] Platform:      win32
[debug] [2023-02-16T16:11:11.124Z] Node Version:  v18.12.1
[debug] [2023-02-16T16:11:11.125Z] Time:          Thu Feb 16 2023 12:11:11 GMT-0400 (Bolivia Time)
[debug] [2023-02-16T16:11:11.126Z] ----------------------------------------------------------------------
[debug] 
[debug] [2023-02-16T16:11:11.132Z] >>> [apiv2][query] GET https://firebase-public.firebaseio.com/cli.json [none]
[debug] [2023-02-16T16:11:11.293Z] > command requires scopes: ["email","openid","https://www.googleapis.com/auth/cloudplatformprojects.readonly","https://www.googleapis.com/auth/firebase","https://www.googleapis.com/auth/cloud-platform"]
[debug] [2023-02-16T16:11:11.293Z] > authorizing via signed-in user (info@vlchardscape.com)
[debug] [2023-02-16T16:11:11.293Z] [iam] checking project vlchardscape for permissions ["firebase.projects.get"]
[debug] [2023-02-16T16:11:11.295Z] > refreshing access token with scopes: []
[debug] [2023-02-16T16:11:11.296Z] >>> [apiv2][query] POST https://www.googleapis.com/oauth2/v3/token [none]
[debug] [2023-02-16T16:11:11.296Z] >>> [apiv2][body] POST https://www.googleapis.com/oauth2/v3/token [omitted]
[debug] [2023-02-16T16:11:11.596Z] <<< [apiv2][status] GET https://firebase-public.firebaseio.com/cli.json 200
[debug] [2023-02-16T16:11:11.597Z] <<< [apiv2][body] GET https://firebase-public.firebaseio.com/cli.json {"cloudBuildErrorAfter":1594252800000,"cloudBuildWarnAfter":1590019200000,"defaultNode10After":1594252800000,"minVersion":"3.0.5","node8DeploysDisabledAfter":1613390400000,"node8RuntimeDisabledAfter":1615809600000,"node8WarnAfter":1600128000000}
[debug] [2023-02-16T16:11:11.615Z] <<< [apiv2][status] POST https://www.googleapis.com/oauth2/v3/token 400
[debug] [2023-02-16T16:11:11.616Z] <<< [apiv2][body] POST https://www.googleapis.com/oauth2/v3/token [omitted]
[debug] [2023-02-16T16:11:11.616Z] >>> [apiv2][query] POST https://cloudresourcemanager.googleapis.com/v1/projects/vlchardscape:testIamPermissions [none]
[debug] [2023-02-16T16:11:11.616Z] >>> [apiv2][(partial)header] POST https://cloudresourcemanager.googleapis.com/v1/projects/vlchardscape:testIamPermissions x-goog-quota-user=projects/vlchardscape
[debug] [2023-02-16T16:11:11.616Z] >>> [apiv2][body] POST https://cloudresourcemanager.googleapis.com/v1/projects/vlchardscape:testIamPermissions {"permissions":["firebase.projects.get"]}
[debug] [2023-02-16T16:11:12.030Z] <<< [apiv2][status] POST https://cloudresourcemanager.googleapis.com/v1/projects/vlchardscape:testIamPermissions 401
[debug] [2023-02-16T16:11:12.031Z] <<< [apiv2][body] POST https://cloudresourcemanager.googleapis.com/v1/projects/vlchardscape:testIamPermissions {"error":{"code":401,"message":"Request had invalid authentication credentials. Expected OAuth 2 access token, login cookie or other valid authentication credential. See https://developers.google.com/identity/sign-in/web/devconsole-project.","status":"UNAUTHENTICATED","details":[{"@type":"type.googleapis.com/google.rpc.ErrorInfo","reason":"ACCESS_TOKEN_TYPE_UNSUPPORTED","metadata":{"service":"cloudresourcemanager.googleapis.com","method":"google.cloudresourcemanager.v1.Projects.TestIamPermissions"}}]}}
[debug] [2023-02-16T16:11:12.032Z] [iam] error while checking permissions, command may fail: FirebaseError: HTTP Error: 401, Request had invalid authentication credentials. Expected OAuth 2 access token, login cookie or other valid authentication credential. See https://developers.google.com/identity/sign-in/web/devconsole-project.
[debug] [2023-02-16T16:11:12.033Z] > refreshing access token with scopes: []
[debug] [2023-02-16T16:11:12.033Z] >>> [apiv2][query] POST https://www.googleapis.com/oauth2/v3/token [none]
[debug] [2023-02-16T16:11:12.034Z] >>> [apiv2][body] POST https://www.googleapis.com/oauth2/v3/token [omitted]
[debug] [2023-02-16T16:11:12.431Z] <<< [apiv2][status] POST https://www.googleapis.com/oauth2/v3/token 400
[debug] [2023-02-16T16:11:12.431Z] <<< [apiv2][body] POST https://www.googleapis.com/oauth2/v3/token [omitted]
[debug] [2023-02-16T16:11:12.433Z] >>> [apiv2][query] GET https://firebase.googleapis.com/v1beta1/projects/vlchardscape [none]
[debug] [2023-02-16T16:11:12.820Z] <<< [apiv2][status] GET https://firebase.googleapis.com/v1beta1/projects/vlchardscape 401
[debug] [2023-02-16T16:11:12.820Z] <<< [apiv2][body] GET https://firebase.googleapis.com/v1beta1/projects/vlchardscape {"error":{"code":401,"message":"Request had invalid authentication credentials. Expected OAuth 2 access token, login cookie or other valid authentication credential. See https://developers.google.com/identity/sign-in/web/devconsole-project.","status":"UNAUTHENTICATED"}}
[debug] [2023-02-16T16:11:12.820Z] HTTP Error: 401, Request had invalid authentication credentials. Expected OAuth 2 access token, login cookie or other valid authentication credential. See https://developers.google.com/identity/sign-in/web/devconsole-project.
[debug] [2023-02-16T16:11:12.828Z] FirebaseError: HTTP Error: 401, Request had invalid authentication credentials. Expected OAuth 2 access token, login cookie or other valid authentication credential. See https://developers.google.com/identity/sign-in/web/devconsole-project.
    at responseToError (C:\Users\carid\AppData\Roaming\npm\node_modules\firebase-tools\lib\responseToError.js:49:12)
    at RetryOperation._fn (C:\Users\carid\AppData\Roaming\npm\node_modules\firebase-tools\lib\apiv2.js:288:77)
    at process.processTicksAndRejections (node:internal/process/task_queues:95:5)
[error] 
[error] Error: Failed to get Firebase project vlchardscape. Please make sure the project exists and your account has permission to access it.
